This is XeTeX, Version 3.1415926-2.2-0.9995.2 (TeX Live 2009/Debian) (format=xelatex 2012.5.7)  18 MAY 2012 18:18
entering extended mode
 %&-line parsing enabled.
**propuesta_servicios-general.tex
(./propuesta_servicios-general.tex
LaTeX2e <2009/09/24>
Babel <v3.8l> and hyphenation patterns for english, usenglishmax, dumylang, noh
yphenation, farsi, arabic, croatian, bulgarian, ukrainian, russian, czech, slov
ak, danish, dutch, finnish, french, basque, ngerman, german, german-x-2009-06-1
9, ngerman-x-2009-06-19, ibycus, monogreek, greek, ancientgreek, hungarian, san
skrit, italian, latin, latvian, lithuanian, mongolian2a, mongolian, bokmal, nyn
orsk, romanian, irish, coptic, serbian, turkish, welsh, esperanto, uppersorbian
, estonian, indonesian, interlingua, icelandic, kurmanji, slovenian, polish, po
rtuguese, spanish, galician, catalan, swedish, ukenglish, pinyin, loaded.
(/usr/share/texmf-texlive/tex/latex/base/article.cls
Document Class: article 2007/10/19 v1.4h Standard LaTeX document class
(/usr/share/texmf-texlive/tex/latex/base/size12.clo
File: size12.clo 2007/10/19 v1.4h Standard LaTeX file (size option)
)
\c@part=\count80
\c@section=\count81
\c@subsection=\count82
\c@subsubsection=\count83
\c@paragraph=\count84
\c@subparagraph=\count85
\c@figure=\count86
\c@table=\count87
\abovecaptionskip=\skip41
\belowcaptionskip=\skip42
\bibindent=\dimen102
)
(/usr/share/texmf-texlive/tex/latex/geometry/geometry.sty
Package: geometry 2008/12/21 v4.2 Page Geometry

(/usr/share/texmf-texlive/tex/latex/graphics/keyval.sty
Package: keyval 1999/03/16 v1.13 key=value parser (DPC)
\KV@toks@=\toks14
)
(/usr/share/texmf-texlive/tex/generic/oberdiek/ifpdf.sty
Package: ifpdf 2009/04/10 v2.0 Provides the ifpdf switch (HO)
Package ifpdf Info: pdfTeX in pdf mode not detected.
)
(/usr/share/texmf-texlive/tex/generic/oberdiek/ifvtex.sty
Package: ifvtex 2008/11/04 v1.4 Switches for detecting VTeX and its modes (HO)
Package ifvtex Info: VTeX not detected.
)
\Gm@cnth=\count88
\Gm@cntv=\count89
\c@Gm@tempcnt=\count90
\Gm@bindingoffset=\dimen103
\Gm@wd@mp=\dimen104
\Gm@odd@mp=\dimen105
\Gm@even@mp=\dimen106
\Gm@dimlist=\toks15

(/usr/share/texmf-texlive/tex/xelatex/xetexconfig/geometry.cfg))
(/usr/share/texmf-texlive/tex/xelatex/xunicode/xunicode.sty
File: xunicode.sty 2008/02/08 v0.91 provides access to latin accents and many o
ther characters in Unicode lower plane
)
(/usr/share/texmf-texlive/tex/xelatex/fontspec/fontspec.sty
Package: fontspec 2008/08/09 v1.18 Advanced font selection for XeLaTeX

(/usr/share/texmf-texlive/tex/generic/ifxetex/ifxetex.sty
Package: ifxetex 2009/01/23 v0.5 Provides ifxetex conditional
)
\c@zf@newff=\count91
\c@zf@index=\count92
\c@zf@script=\count93
\c@zf@language=\count94

(/usr/share/texmf-texlive/tex/latex/tools/calc.sty
Package: calc 2007/08/22 v4.3 Infix arithmetic (KKT,FJ)
\calc@Acount=\count95
\calc@Bcount=\count96
\calc@Adimen=\dimen107
\calc@Bdimen=\dimen108
\calc@Askip=\skip43
\calc@Bskip=\skip44
LaTeX Info: Redefining \setlength on input line 76.
LaTeX Info: Redefining \addtolength on input line 77.
\calc@Ccount=\count97
\calc@Cskip=\skip45
)
(/usr/share/texmf-texlive/tex/latex/xkeyval/xkeyval.sty
Package: xkeyval 2008/08/13 v2.6a package option processing (HA)

(/usr/share/texmf-texlive/tex/generic/xkeyval/xkeyval.tex
\XKV@toks=\toks16
\XKV@tempa@toks=\toks17
\XKV@depth=\count98
File: xkeyval.tex 2008/08/13 v2.6a key=value parser (HA)
))
(/usr/share/texmf-texlive/tex/latex/base/fontenc.sty
Package: fontenc 2005/09/27 v1.99g Standard LaTeX package

(/usr/share/texmf-texlive/tex/xelatex/euenc/eu1enc.def
File: eu1enc.def 2008/03/08 v0.1d Experimental unicode font encoding
)
LaTeX Font Info:    Try loading font information for EU1+lmr on input line 100.


(/usr/share/texmf-texlive/tex/xelatex/euenc/eu1lmr.fd
File: eu1lmr.fd 2007/01/14 v1.3 Font defs for Latin Modern
))
LaTeX Info: Redefining \itshape on input line 1163.
LaTeX Info: Redefining \slshape on input line 1166.
LaTeX Info: Redefining \scshape on input line 1169.
LaTeX Info: Redefining \upshape on input line 1172.

fontspec.cfg loaded.
(/usr/share/texmf-texlive/tex/xelatex/fontspec/fontspec.cfg))
(/usr/share/texmf-texlive/tex/xelatex/xltxtra/xltxtra.sty
Package: xltxtra 2009/09/02 v0.5 Improvements for the "XeLaTeX" format

(/usr/share/texmf-texlive/tex/latex/metalogo/metalogo.sty
Package: metalogo 2009/09/04 v0.11 Extended TeX logo macros

(/usr/share/texmf-texlive/tex/latex/graphics/graphicx.sty
Package: graphicx 1999/02/16 v1.0f Enhanced LaTeX Graphics (DPC,SPQR)

(/usr/share/texmf-texlive/tex/latex/graphics/graphics.sty
Package: graphics 2009/02/05 v1.0o Standard LaTeX Graphics (DPC,SPQR)

(/usr/share/texmf-texlive/tex/latex/graphics/trig.sty
Package: trig 1999/03/16 v1.09 sin cos tan (DPC)
)
(/etc/texmf/tex/latex/config/graphics.cfg
File: graphics.cfg 2009/08/28 v1.8 graphics configuration of TeX Live
)
Package graphics Info: Driver file: xetex.def on input line 91.

(/usr/share/texmf-texlive/tex/xelatex/xetex-def/xetex.def
File: xetex.def 2009/11/22 v0.94 LaTeX color/graphics driver for XeTeX (RRM/JK)

))
\Gin@req@height=\dimen109
\Gin@req@width=\dimen110
)
\xl@everylogo=\toks18
\xl@@everylogo=\toks19
LaTeX Info: Redefining \TeX on input line 193.
LaTeX Info: Redefining \LaTeX on input line 202.
LaTeX Info: Redefining \LaTeXe on input line 219.
)
(/usr/share/texmf-texlive/tex/latex/etex-pkg/etex.sty
Package: etex 1998/03/26 v2.0 eTeX basic definition package (PEB)
\et@xins=\count99
)
(/usr/share/texmf-texlive/tex/latex/base/fixltx2e.sty
Package: fixltx2e 2006/09/13 v1.1m fixes to LaTeX
LaTeX Info: Redefining \em on input line 420.
)
LaTeX Info: Redefining \em on input line 72.
LaTeX Info: Redefining \emph on input line 81.
LaTeX Info: Redefining \- on input line 86.
LaTeX Info: Redefining \textsubscript on input line 105.
LaTeX Info: Redefining \textsuperscript on input line 107.
\xxt@tempbox=\box26
)
(/usr/share/texmf-texlive/tex/latex/ltxmisc/parskip.sty
Package: parskip 2001/04/09 non-zero parskip adjustments
)
(/usr/share/texmf-texlive/tex/latex/titlesec/titlesec.sty
Package: titlesec 2007/08/12 v2.8 Sectioning titles
\ttl@box=\box27
\beforetitleunit=\skip46
\aftertitleunit=\skip47
\ttl@plus=\dimen111
\ttl@minus=\dimen112
\ttl@toksa=\toks20
\titlewidth=\dimen113
\titlewidthlast=\dimen114
\titlewidthfirst=\dimen115
)
(/usr/share/texmf-texlive/tex/latex/preprint/fullpage.sty
Package: fullpage 1999/02/23 1.1 (PWD)
\FP@margin=\skip48
)
(/usr/share/texmf-texlive/tex/latex/tools/multicol.sty
Package: multicol 2008/12/05 v1.6h multicolumn formatting (FMi)
\c@tracingmulticols=\count100
\mult@box=\box28
\multicol@leftmargin=\dimen116
\c@unbalance=\count101
\c@collectmore=\count102
\doublecol@number=\count103
\multicoltolerance=\count104
\multicolpretolerance=\count105
\full@width=\dimen117
\page@free=\dimen118
\premulticols=\dimen119
\postmulticols=\dimen120
\multicolsep=\skip49
\multicolbaselineskip=\skip50
\partial@page=\box29
\last@line=\box30
\mult@rightbox=\box31
\mult@grightbox=\box32
\mult@gfirstbox=\box33
\mult@firstbox=\box34
\@tempa=\box35
\@tempa=\box36
\@tempa=\box37
\@tempa=\box38
\@tempa=\box39
\@tempa=\box40
\@tempa=\box41
\@tempa=\box42
\@tempa=\box43
\@tempa=\box44
\@tempa=\box45
\@tempa=\box46
\@tempa=\box47
\@tempa=\box48
\@tempa=\box49
\@tempa=\box50
\@tempa=\box51
\c@columnbadness=\count106
\c@finalcolumnbadness=\count107
\last@try=\dimen121
\multicolovershoot=\dimen122
\multicolundershoot=\dimen123
\mult@nat@firstbox=\box52
\colbreak@box=\box53
)
\c@zf@famc@Linux Libertine O=\count108
Package fontspec Info: Defining font family for 'Linux Libertine O' with option
s [Mapping=tex-text,] on input line 12.
Package fontspec Info: Linux Biolinum O scale = 0.99768 on input line 13.
\c@zf@famc@Linux Biolinum O=\count109
Package fontspec Info: Defining font family for 'Linux Biolinum O' with options
 [Mapping=tex-text,Scale=MatchLowercase] on input line 13.
Package fontspec Info: Linux Biolinum O scale = 0.99768 on input line 13.
Package fontspec Info: Linux Biolinum O scale = 0.99768 on input line 13.
Package fontspec Info: Linux Biolinum O/B scale = 0.99768 on input line 13.
Package fontspec Info: Linux Biolinum O/B scale = 0.99768 on input line 13.
Package fontspec Info: Linux Biolinum O/I scale = 0.99768 on input line 13.
Package fontspec Info: Linux Biolinum O/I scale = 0.99768 on input line 13.
Package fontspec Info: Linux Biolinum O/BI scale = 0.99768 on input line 13.
Package fontspec Info: Linux Biolinum O/BI scale = 0.99768 on input line 13.
Package fontspec Info: FreeMono scale = 1.03357 on input line 14.
\c@zf@famc@FreeMono=\count110
Package fontspec Info: Defining font family for 'FreeMono' with options [Mappin
g=tex-text,Scale=MatchLowercase] on input line 14.
Package fontspec Info: FreeMono scale = 1.03357 on input line 14.
Package fontspec Info: FreeMono/B scale = 0.98627 on input line 14.
Package fontspec Info: FreeMono/I scale = 1.03357 on input line 14.
Package fontspec Info: FreeMono/BI scale = 0.98627 on input line 14.

(./propuesta_servicios-general.aux)
\openout1 = `propuesta_servicios-general.aux'.

LaTeX Font Info:    Checking defaults for OML/cmm/m/it on input line 29.
LaTeX Font Info:    ... okay on input line 29.
LaTeX Font Info:    Checking defaults for T1/cmr/m/n on input line 29.
LaTeX Font Info:    ... okay on input line 29.
LaTeX Font Info:    Checking defaults for OT1/cmr/m/n on input line 29.
LaTeX Font Info:    ... okay on input line 29.
LaTeX Font Info:    Checking defaults for OMS/cmsy/m/n on input line 29.
LaTeX Font Info:    ... okay on input line 29.
LaTeX Font Info:    Checking defaults for OMX/cmex/m/n on input line 29.
LaTeX Font Info:    ... okay on input line 29.
LaTeX Font Info:    Checking defaults for U/cmr/m/n on input line 29.
LaTeX Font Info:    ... okay on input line 29.
LaTeX Font Info:    Checking defaults for EU1/lmr/m/n on input line 29.
LaTeX Font Info:    ... okay on input line 29.

*geometry detected driver: pdftex*
-------------------- Geometry parameters
paper: letterpaper
landscape: --
twocolumn: --
twoside: --
asymmetric: --
h-parts: 92.14519pt, 0.7\paperwidth , 92.14519pt (default)
v-parts: 95.39737pt, 0.7\paperheight , 143.09605pt (default)
hmarginratio: 1:1
vmarginratio: 2:3
lines: --
heightrounded: --
bindingoffset: 0.0pt
truedimen: --
includehead: --
includefoot: --
includemp: --
driver: pdftex
-------------------- Page layout dimensions and switches
\paperwidth  614.295pt
\paperheight 794.96999pt
\textwidth  469.75502pt
\textheight 620.43001pt
\oddsidemargin  0.0pt
\evensidemargin 0.0pt
\topmargin  0.0pt
\headheight 0.0pt
\headsep    0.0pt
\footskip   30.0pt
\marginparwidth 44.0pt
\marginparsep   10.0pt
\columnsep  10.0pt
\skip\footins  10.8pt plus 4.0pt minus 2.0pt
\hoffset 0.0pt
\voffset 0.0pt
\mag 1000

(1in=72.27pt, 1cm=28.45pt)
-----------------------
Package fontspec Info: Adjusting the maths setup (use [no-math] to avoid this).
 on input line 29.
\symlegacymaths=\mathgroup4
LaTeX Font Info:    Overwriting symbol font `legacymaths' in version `bold'
(Font)                  OT1/cmr/m/n --> OT1/cmr/bx/n on input line 29.
LaTeX Font Info:    Redeclaring math accent \acute on input line 29.
LaTeX Font Info:    Redeclaring math accent \grave on input line 29.
LaTeX Font Info:    Redeclaring math accent \ddot on input line 29.
LaTeX Font Info:    Redeclaring math accent \tilde on input line 29.
LaTeX Font Info:    Redeclaring math accent \bar on input line 29.
LaTeX Font Info:    Redeclaring math accent \breve on input line 29.
LaTeX Font Info:    Redeclaring math accent \check on input line 29.
LaTeX Font Info:    Redeclaring math accent \hat on input line 29.
LaTeX Font Info:    Redeclaring math accent \dot on input line 29.
LaTeX Font Info:    Redeclaring math accent \mathring on input line 29.
LaTeX Font Info:    Redeclaring math symbol \colon on input line 29.
LaTeX Font Info:    Redeclaring math symbol \Gamma on input line 29.
LaTeX Font Info:    Redeclaring math symbol \Delta on input line 29.
LaTeX Font Info:    Redeclaring math symbol \Theta on input line 29.
LaTeX Font Info:    Redeclaring math symbol \Lambda on input line 29.
LaTeX Font Info:    Redeclaring math symbol \Xi on input line 29.
LaTeX Font Info:    Redeclaring math symbol \Pi on input line 29.
LaTeX Font Info:    Redeclaring math symbol \Sigma on input line 29.
LaTeX Font Info:    Redeclaring math symbol \Upsilon on input line 29.
LaTeX Font Info:    Redeclaring math symbol \Phi on input line 29.
LaTeX Font Info:    Redeclaring math symbol \Psi on input line 29.
LaTeX Font Info:    Redeclaring math symbol \Omega on input line 29.
LaTeX Font Info:    Redeclaring math symbol \mathdollar on input line 29.
LaTeX Font Info:    Redeclaring symbol font `operators' on input line 29.
LaTeX Font Info:    Encoding `OT1' has changed to `EU1' for symbol font
(Font)              `operators' in the math version `normal' on input line 29.
LaTeX Font Info:    Overwriting symbol font `operators' in version `normal'
(Font)                  OT1/cmr/m/n --> EU1/LinuxLibertineO(0)/m/n on input lin
e 29.
LaTeX Font Info:    Encoding `OT1' has changed to `EU1' for symbol font
(Font)              `operators' in the math version `bold' on input line 29.
LaTeX Font Info:    Overwriting symbol font `operators' in version `bold'
(Font)                  OT1/cmr/bx/n --> EU1/LinuxLibertineO(0)/m/n on input li
ne 29.
LaTeX Font Info:    Overwriting symbol font `operators' in version `normal'
(Font)                  EU1/LinuxLibertineO(0)/m/n --> EU1/LinuxLibertineO(0)/m
/n on input line 29.
LaTeX Font Info:    Overwriting math alphabet `\mathrm' in version `normal'
(Font)                  EU1/LinuxLibertineO(0)/m/n --> EU1/LinuxLibertineO(0)/m
/n on input line 29.
LaTeX Font Info:    Overwriting math alphabet `\mathit' in version `normal'
(Font)                  OT1/cmr/m/it --> EU1/LinuxLibertineO(0)/m/it on input l
ine 29.
LaTeX Font Info:    Overwriting math alphabet `\mathbf' in version `normal'
(Font)                  OT1/cmr/bx/n --> EU1/LinuxLibertineO(0)/bx/n on input l
ine 29.
LaTeX Font Info:    Overwriting math alphabet `\mathsf' in version `normal'
(Font)                  OT1/cmss/m/n --> EU1/LinuxBiolinumO(0)/m/n on input lin
e 29.
LaTeX Font Info:    Overwriting math alphabet `\mathtt' in version `normal'
(Font)                  OT1/cmtt/m/n --> EU1/FreeMono(0)/m/n on input line 29.
LaTeX Font Info:    Overwriting symbol font `operators' in version `bold'
(Font)                  EU1/LinuxLibertineO(0)/m/n --> EU1/LinuxLibertineO(0)/b
x/n on input line 29.
LaTeX Font Info:    Overwriting math alphabet `\mathrm' in version `bold'
(Font)                  EU1/LinuxLibertineO(0)/m/n --> EU1/LinuxLibertineO(0)/b
x/n on input line 29.
LaTeX Font Info:    Overwriting math alphabet `\mathit' in version `bold'
(Font)                  OT1/cmr/bx/it --> EU1/LinuxLibertineO(0)/bx/it on input
 line 29.
LaTeX Font Info:    Overwriting math alphabet `\mathsf' in version `bold'
(Font)                  OT1/cmss/bx/n --> EU1/LinuxBiolinumO(0)/bx/n on input l
ine 29.
LaTeX Font Info:    Overwriting math alphabet `\mathtt' in version `bold'
(Font)                  OT1/cmtt/m/n --> EU1/FreeMono(0)/bx/n on input line 29.

Missing character: There is no ‭ in font Linux Libertine O/ICU:mapping=tex-te
xt,!
Missing character: There is no ‬ in font Linux Libertine O/ICU:mapping=tex-te
xt,!
Missing character: There is no ‭ in font Linux Libertine O/ICU:mapping=tex-te
xt,!
Missing character: There is no ‭ in font Linux Libertine O/ICU:mapping=tex-te
xt,!
Missing character: There is no ‭ in font Linux Libertine O/ICU:mapping=tex-te
xt,!
Missing character: There is no ‬ in font Linux Libertine O/ICU:mapping=tex-te
xt,!
Missing character: There is no ‭ in font Linux Libertine O/ICU:mapping=tex-te
xt,!
Missing character: There is no ‭ in font Linux Libertine O/ICU:mapping=tex-te
xt,!
Missing character: There is no ‭ in font Linux Libertine O/ICU:mapping=tex-te
xt,!
Missing character: There is no ‬ in font Linux Libertine O/ICU:mapping=tex-te
xt,!
Missing character: There is no ‭ in font Linux Libertine O/ICU:mapping=tex-te
xt,!
Missing character: There is no ‬ in font Linux Libertine O/ICU:mapping=tex-te
xt,!
Missing character: There is no ‭ in font Linux Libertine O/ICU:mapping=tex-te
xt,!
[1

]
LaTeX Font Info:    Font shape `EU1/LinuxBiolinumO(0)/m/n' will be
(Font)              scaled to size 17.23991pt on input line 53.
Missing character: There is no ‭ in font Linux Biolinum O/ICU:mapping=tex-tex
t,!
Missing character: There is no ‬ in font Linux Libertine O Semibold/ICU:mappi
ng=tex-text,!
Missing character: There is no ‬ in font Linux Libertine O/ICU:mapping=tex-te
xt,!
Missing character: There is no ‭ in font Linux Libertine O/ICU:mapping=tex-te
xt,!
Missing character: There is no ‎ in font Linux Libertine O/ICU:mapping=tex-te
xt,!
Missing character: There is no ‭ in font Linux Libertine O/ICU:mapping=tex-te
xt,!
LaTeX Font Info:    Try loading font information for OMS+LinuxLibertineO(0) on 
input line 60.
LaTeX Font Info:    No file OMSLinuxLibertineO(0).fd. on input line 60.
LaTeX Font Info:    Font shape `OMS/LinuxLibertineO(0)/m/n' undefined
(Font)              using `OMS/cmsy/m/n' instead
(Font)              for symbol `textbullet' on input line 60.
Missing character: There is no ‎ in font Linux Libertine O/ICU:mapping=tex-te
xt,!
Missing character: There is no ‬ in font Linux Libertine O/ICU:mapping=tex-te
xt,!
Missing character: There is no ‏ in font Linux Libertine O/ICU:mapping=tex-te
xt,!
Missing character: There is no ‭ in font Linux Libertine O/ICU:mapping=tex-te
xt,!
Missing character: There is no ‎ in font Linux Libertine O/ICU:mapping=tex-te
xt,!
Missing character: There is no ‬ in font Linux Libertine O/ICU:mapping=tex-te
xt,!
Missing character: There is no ‬ in font Linux Libertine O/ICU:mapping=tex-te
xt,!
Missing character: There is no ‭ in font Linux Libertine O/ICU:mapping=tex-te
xt,!
Missing character: There is no ‬ in font Linux Libertine O/ICU:mapping=tex-te
xt,!
Missing character: There is no ‬ in font Linux Libertine O/ICU:mapping=tex-te
xt,!
 [2]
LaTeX Font Info:    External font `cmex10' loaded for size
(Font)              <12> on input line 96.
LaTeX Font Info:    External font `cmex10' loaded for size
(Font)              <8> on input line 96.
LaTeX Font Info:    External font `cmex10' loaded for size
(Font)              <6> on input line 96.
Missing character: There is no ‭ in font Linux Libertine O/ICU:mapping=tex-te
xt,!
Missing character: There is no ‬ in font Linux Libertine O/ICU:mapping=tex-te
xt,!
Missing character: There is no ‭ in font Linux Libertine O/ICU:mapping=tex-te
xt,!
Missing character: There is no ‬ in font Linux Libertine O/ICU:mapping=tex-te
xt,!
Missing character: There is no ‭ in font Linux Libertine O/ICU:mapping=tex-te
xt,!
Missing character: There is no ‭ in font Linux Libertine O/ICU:mapping=tex-te
xt,!
Missing character: There is no ‬ in font Linux Libertine O/ICU:mapping=tex-te
xt,!
Missing character: There is no ‬ in font Linux Libertine O/ICU:mapping=tex-te
xt,!
Missing character: There is no ‭ in font Linux Libertine O/ICU:mapping=tex-te
xt,!
Missing character: There is no ‬ in font Linux Libertine O/ICU:mapping=tex-te
xt,!
Missing character: There is no ‭ in font Linux Libertine O/ICU:mapping=tex-te
xt,!
Missing character: There is no ‬ in font Linux Libertine O/ICU:mapping=tex-te
xt,!
Missing character: There is no ‭ in font Linux Libertine O/ICU:mapping=tex-te
xt,!
Missing character: There is no ‭ in font Linux Libertine O/ICU:mapping=tex-te
xt,!
Missing character: There is no ‬ in font Linux Libertine O/ICU:mapping=tex-te
xt,!
Missing character: There is no ‭ in font Linux Libertine O/ICU:mapping=tex-te
xt,!
Missing character: There is no ‬ in font Linux Libertine O/ICU:mapping=tex-te
xt,!
Missing character: There is no ‬ in font Linux Libertine O/ICU:mapping=tex-te
xt,!
Missing character: There is no ‭ in font Linux Libertine O/ICU:mapping=tex-te
xt,!
Missing character: There is no ‭ in font Linux Libertine O/ICU:mapping=tex-te
xt,!
Missing character: There is no ‭ in font Linux Libertine O/ICU:mapping=tex-te
xt,!
Missing character: There is no ‬ in font Linux Libertine O/ICU:mapping=tex-te
xt,!
Missing character: There is no ‎ in font Linux Libertine O Italic/ICU:mapping
=tex-text,!
Missing character: There is no ‭ in font Linux Libertine O Italic/ICU:mapping
=tex-text,!
Missing character: There is no ‬ in font Linux Libertine O Italic/ICU:mapping
=tex-text,!
Missing character: There is no ‭ in font Linux Libertine O Italic/ICU:mapping
=tex-text,!
Missing character: There is no ‭ in font Linux Libertine O/ICU:mapping=tex-te
xt,!
Missing character: There is no ‬ in font Linux Libertine O/ICU:mapping=tex-te
xt,!
Package fontspec Info: Defining font family for 'Linux Libertine O' with option
s [Mapping=tex-text,,VerticalPosition=Superior] on input line 128.
Missing character: There is no ‭ in font Linux Libertine O/ICU:mapping=tex-te
xt,!
Missing character: There is no ‬ in font Linux Libertine O/ICU:mapping=tex-te
xt,!
Missing character: There is no ‭ in font Linux Libertine O/ICU:mapping=tex-te
xt,!
Missing character: There is no ‭ in font Linux Libertine O/ICU:mapping=tex-te
xt,!
Missing character: There is no ‭ in font Linux Libertine O/ICU:mapping=tex-te
xt,!
Missing character: There is no ‬ in font Linux Libertine O/ICU:mapping=tex-te
xt,!
Missing character: There is no ‭ in font Linux Libertine O/ICU:mapping=tex-te
xt,!
Missing character: There is no ‬ in font Linux Libertine O/ICU:mapping=tex-te
xt,!
Missing character: There is no ‭ in font Linux Libertine O/ICU:mapping=tex-te
xt,!
Missing character: There is no ‬ in font Linux Libertine O/ICU:mapping=tex-te
xt,!
Missing character: There is no ‭ in font Linux Libertine O/ICU:mapping=tex-te
xt,!
Missing character: There is no ‬ in font Linux Libertine O/ICU:mapping=tex-te
xt,!
 [3]
LaTeX Font Info:    Font shape `EU1/LinuxBiolinumO(0)/m/n' will be
(Font)              scaled to size 11.97217pt on input line 141.
LaTeX Font Info:    Try loading font information for OT1+LinuxLibertineO(0) on 
input line 141.
LaTeX Font Info:    No file OT1LinuxLibertineO(0).fd. on input line 141.
LaTeX Font Info:    Font shape `OT1/LinuxLibertineO(0)/m/n' undefined
(Font)              using `OT1/cmr/m/n' instead
(Font)              for symbol `textdollar' on input line 141.
Missing character: There is no ‭ in font Linux Libertine O/ICU:mapping=tex-te
xt,!
Missing character: There is no ‎ in font Linux Biolinum O/ICU:mapping=tex-tex
t,!
Missing character: There is no ‎ in font Linux Biolinum O/ICU:mapping=tex-tex
t,!
Missing character: There is no ‭ in font Linux Libertine O/ICU:mapping=tex-te
xt,!
Missing character: There is no ‬ in font Linux Libertine O/ICU:mapping=tex-te
xt,!
Missing character: There is no ‭ in font Linux Libertine O/ICU:mapping=tex-te
xt,!
Missing character: There is no ‭ in font Linux Libertine O/ICU:mapping=tex-te
xt,!
Missing character: There is no ‬ in font Linux Libertine O/ICU:mapping=tex-te
xt,!
Missing character: There is no ‭ in font Linux Libertine O/ICU:mapping=tex-te
xt,!
 [4]
Missing character: There is no ‬ in font Linux Libertine O/ICU:mapping=tex-te
xt,!
Missing character: There is no ‬ in font Linux Libertine O/ICU:mapping=tex-te
xt,!
 [5] (./propuesta_servicios-general.aux)
LaTeX Font Info:    Some font shapes were not available, defaults substituted.
 ) 
Here is how much of TeX's memory you used:
 5961 strings out of 494665
 95428 string characters out of 1166478
 177404 words of memory out of 3000000
 9114 multiletter control sequences out of 15000+50000
 7267 words of font info for 56 fonts, out of 3000000 for 9000
 669 hyphenation exceptions out of 8191
 40i,9n,68p,473b,384s stack positions out of 5000i,500n,10000p,200000b,50000s

Output written on propuesta_servicios-general.pdf (5 pages).
